#
# There is insufficient memory for the Java Runtime Environment to continue.
# Native memory allocation (mmap) failed to map 536870912 bytes for Failed to commit area from 0x0000000600000000 to 0x0000000620000000 of length 536870912.
# Possible reasons:
#   The system is out of physical RAM or swap space
#   The process is running with CompressedOops enabled, and the Java Heap may be blocking the growth of the native heap
# Possible solutions:
#   Reduce memory load on the system
#   Increase physical memory or swap space
#   Check if swap backing store is full
#   Decrease Java heap size (-Xmx/-Xms)
#   Decrease number of Java threads
#   Decrease Java thread stack sizes (-Xss)
#   Set larger code cache with -XX:ReservedCodeCacheSize=
# This output file may be truncated or incomplete.
#
#  Out of Memory Error (./open/src/hotspot/os/windows/os_windows.cpp:3273), pid=47976, tid=15300
#
# JRE version:  (11.0.10+8) (build )
# Java VM: Java HotSpot(TM) 64-Bit Server VM (11.0.10+8-LTS-162, mixed mode, sharing, tiered, compressed oops, g1 gc, windows-amd64)
# Core dump will be written. Default location: C:\Users\km32\Downloads\InvManager\hs_err_pid47976.mdmp
#

---------------  S U M M A R Y ------------

Command Line: -Dsun.locale.formatasdefault=true -Dfile.encoding=windows-1252 -Duser.country=US -Duser.language=en -Duser.variant InvManager.InvManager.InvManagerApplication

Host: Intel(R) Xeon(R) Platinum 8272CL CPU @ 2.60GHz, 8 cores, 31G,  Windows Server 2019 , 64 bit Build 19041 (10.0.19041.3155)
Time: Wed Aug 30 19:16:55 2023 India Standard Time elapsed time: 0.092495 seconds (0d 0h 0m 0s)

---------------  T H R E A D  ---------------

Current thread (0x000001d0bc53b800):  JavaThread "Unknown thread" [_thread_in_vm, id=15300, stack(0x0000000100600000,0x0000000100700000)]

Stack: [0x0000000100600000,0x0000000100700000]
Native frames: (J=compiled Java code, j=interpreted, Vv=VM code, C=native code)
V  [jvm.dll+0x613e6a]
V  [jvm.dll+0x74c1ff]
V  [jvm.dll+0x74d885]
V  [jvm.dll+0x74df03]
V  [jvm.dll+0x243b78]
V  [jvm.dll+0x61125a]
V  [jvm.dll+0x606165]
V  [jvm.dll+0x2f85fc]
V  [jvm.dll+0x2f8482]
V  [jvm.dll+0x2fd136]
V  [jvm.dll+0x33f6bf]
V  [jvm.dll+0x33f0f0]
V  [jvm.dll+0x2d5d08]
V  [jvm.dll+0x2d6e66]
V  [jvm.dll+0x727d17]
V  [jvm.dll+0x7295bf]
V  [jvm.dll+0x34c4a9]
V  [jvm.dll+0x70d6b0]
V  [jvm.dll+0x3b584f]
V  [jvm.dll+0x3b7951]
C  [jli.dll+0x520b]
C  [ucrtbase.dll+0x21bb2]
C  [KERNEL32.DLL+0x17614]
C  [ntdll.dll+0x526b1]


---------------  P R O C E S S  ---------------

Threads class SMR info:
_java_thread_list=0x000001d0bab4dd90, length=0, elements={
}

Java Threads: ( => current thread )

Other Threads:
  0x000001d0bc552800 GCTaskThread "GC Thread#0" [stack: 0x0000000100700000,0x0000000100800000] [id=25064]
  0x000001d0bc5d1800 ConcurrentGCThread "G1 Main Marker" [stack: 0x0000000100800000,0x0000000100900000] [id=49196]
  0x000001d0bc5d3800 ConcurrentGCThread "G1 Conc#0" [stack: 0x0000000100900000,0x0000000100a00000] [id=23964]

[error occurred during error reporting (printing all threads), id 0xc0000005, EXCEPTION_ACCESS_VIOLATION (0xc0000005) at pc=0x00007ffd4a0d4f57]

VM state:not at safepoint (not fully initialized)

VM Mutex/Monitor currently owned by a thread:  ([mutex/lock_event])
[0x000001d0bc538140] Heap_lock - owner thread: 0x000001d0bc53b800

Heap address: 0x0000000600000000, size: 8192 MB, Compressed Oops mode: Non-zero based: 0x0000000600000000
Narrow klass base: 0x0000000000000000, Narrow klass shift: 0

GC Heap History (0 events):
No events

Deoptimization events (0 events):
No events

Classes redefined (0 events):
No events

Internal exceptions (0 events):
No events

Events (0 events):
No events


Dynamic libraries:
0x00007ff72bac0000 - 0x00007ff72bacf000 	C:\ide\installation\Java\jdk-11.0.10\bin\java.exe
0x00007ffd94510000 - 0x00007ffd94708000 	C:\windows\SYSTEM32\ntdll.dll
0x00007ffd933c0000 - 0x00007ffd9347f000 	C:\windows\System32\KERNEL32.DLL
0x00007ffd91cd0000 - 0x00007ffd91fc6000 	C:\windows\System32\KERNELBASE.dll
0x00007ffd92150000 - 0x00007ffd92250000 	C:\windows\System32\ucrtbase.dll
0x00007ffd769a0000 - 0x00007ffd769b5000 	C:\ide\installation\Java\jdk-11.0.10\bin\VCRUNTIME140.dll
0x00007ffd6acf0000 - 0x00007ffd6ad08000 	C:\ide\installation\Java\jdk-11.0.10\bin\jli.dll
0x00007ffd93750000 - 0x00007ffd937ff000 	C:\windows\System32\ADVAPI32.dll
0x00007ffd92e40000 - 0x00007ffd92ede000 	C:\windows\System32\msvcrt.dll
0x00007ffd92570000 - 0x00007ffd9260c000 	C:\windows\System32\sechost.dll
0x00007ffd92d10000 - 0x00007ffd92e36000 	C:\windows\System32\RPCRT4.dll
0x00007ffd93100000 - 0x00007ffd9329d000 	C:\windows\System32\USER32.dll
0x00007ffd91fd0000 - 0x00007ffd91ff2000 	C:\windows\System32\win32u.dll
0x00007ffd81fb0000 - 0x00007ffd8224a000 	C:\windows\WinSxS\amd64_microsoft.windows.common-controls_6595b64144ccf1df_6.0.19041.1110_none_60b5254171f9507e\COMCTL32.dll
0x00007ffd936c0000 - 0x00007ffd936ec000 	C:\windows\System32\GDI32.dll
0x00007ffd92000000 - 0x00007ffd92115000 	C:\windows\System32\gdi32full.dll
0x00007ffd92250000 - 0x00007ffd922ed000 	C:\windows\System32\msvcp_win.dll
0x00007ffd862e0000 - 0x00007ffd862ea000 	C:\windows\SYSTEM32\VERSION.dll
0x00007ffd94020000 - 0x00007ffd94050000 	C:\windows\System32\IMM32.DLL
0x000001d0bc4e0000 - 0x000001d0bc4f4000 	C:\windows\System32\umppc17010.dll
0x00007ffd686c0000 - 0x00007ffd6875b000 	C:\ide\installation\Java\jdk-11.0.10\bin\msvcp140.dll
0x00007ffd49df0000 - 0x00007ffd4a8eb000 	C:\ide\installation\Java\jdk-11.0.10\bin\server\jvm.dll
0x00007ffd92f40000 - 0x00007ffd92f48000 	C:\windows\System32\PSAPI.DLL
0x00007ffd85630000 - 0x00007ffd85639000 	C:\windows\SYSTEM32\WSOCK32.dll
0x00007ffd93000000 - 0x00007ffd9306b000 	C:\windows\System32\WS2_32.dll
0x00007ffd848e0000 - 0x00007ffd84907000 	C:\windows\SYSTEM32\WINMM.dll
0x00007ffd8ffd0000 - 0x00007ffd8ffe2000 	C:\windows\SYSTEM32\kernel.appcore.dll
0x00007ffd8de20000 - 0x00007ffd8de30000 	C:\ide\installation\Java\jdk-11.0.10\bin\verify.dll
0x00007ffd82250000 - 0x00007ffd82434000 	C:\windows\SYSTEM32\DBGHELP.DLL
0x00007ffd814a0000 - 0x00007ffd814d4000 	C:\windows\SYSTEM32\dbgcore.DLL
0x00007ffd91bf0000 - 0x00007ffd91c72000 	C:\windows\System32\bcryptPrimitives.dll
0x00007ffd6a2c0000 - 0x00007ffd6a2e8000 	C:\ide\installation\Java\jdk-11.0.10\bin\java.dll
0x00007ffd74850000 - 0x00007ffd7485a000 	C:\ide\installation\Java\jdk-11.0.10\bin\jimage.dll
0x00007ffd6ab00000 - 0x00007ffd6ab16000 	C:\ide\installation\Java\jdk-11.0.10\bin\zip.dll

dbghelp: loaded successfully - version: 4.0.5 - missing functions: none
symbol engine: initialized successfully - sym options: 0x614 - pdb path: .;C:\ide\installation\Java\jdk-11.0.10\bin;C:\windows\SYSTEM32;C:\windows\WinSxS\amd64_microsoft.windows.common-controls_6595b64144ccf1df_6.0.19041.1110_none_60b5254171f9507e;C:\ide\installation\Java\jdk-11.0.10\bin\server

VM Arguments:
jvm_args: -Dsun.locale.formatasdefault=true -Dfile.encoding=windows-1252 -Duser.country=US -Duser.language=en -Duser.variant 
java_command: InvManager.InvManager.InvManagerApplication
java_class_path (initial): C:\Users\km32\Downloads\InvManager\InvManager\build\classes\java\main;C:\Users\km32\Downloads\InvManager\InvManager\build\resources\main;C:\Users\km32\Downloads\sqljdbc_10.2.1.0_enu\sqljdbc_10.2\enu\ssql-jdbc-10.2.1.jre11.jar;C:\Users\km32\.gradle\caches\modules-2\files-2.1\org.springframework.boot\spring-boot-devtools\2.7.1\cb154a2b04532d9cb7c0b4a04132c57bf8efae31\spring-boot-devtools-2.7.1.jar;C:\Users\km32\.gradle\caches\modules-2\files-2.1\org.springframework.boot\spring-boot-starter-data-jpa\2.7.1\39e98264c195a06c8c29a63c24b6ce295ca10795\spring-boot-starter-data-jpa-2.7.1.jar;C:\Users\km32\.gradle\caches\modules-2\files-2.1\org.springframework.boot\spring-boot-starter-web\2.7.1\29f47f503f9955b1a9746870aeaebdba448416d\spring-boot-starter-web-2.7.1.jar;C:\Users\km32\.gradle\caches\modules-2\files-2.1\org.springdoc\springdoc-openapi-ui\1.7.0\f4763107b0fb1f9c17fe6523b2fd0ca6cb201d66\springdoc-openapi-ui-1.7.0.jar;C:\Users\km32\.gradle\caches\modules-2\files-2.1\io.springfox\springfox-swagger2\2.10.5\995e036fc468a8656c1643933c0237d37d3cfaa7\springfox-swagger2-2.10.5.jar;C:\Users\km32\.gradle\caches\modules-2\files-2.1\io.springfox\springfox-swagger-ui\2.10.5\6378e4b8c894fbc876055bb1b6ceb38b6da114f2\springfox-swagger-ui-2.10.5.jar;C:\Users\km32\.gradle\caches\modules-2\files-2.1\com.microsoft.sqlserver\mssql-jdbc\10.2.1.jre8\39c48ed6ef9bc72c1ae367df3caa50b071ce4312\mssql-jdbc-10.2.1.jre8.jar;C:\Users\km32\.gradle\caches\modules-2\files-2.1\org.springframework.boot\spring-boot-starter-aop\2.7.1\e7c78497e3528ae3037c723259b4b0944994f03\spring-boot-starter-aop-2.7.1.jar;C:\Users\km32\.gradle\caches\modules-2\files-2.1\org.springframework.boot\spring-boot-starter-jdbc\2.7.1\bba8a72a8042cec0b7961f11b0b3332724f5845e\spring-boot-starter-jdbc-2.7.1.jar;C:\Users\km32\.gradle\caches\modules-2\files-2.1\org.springframework.boot\spring-boot-starter-json\2.7.1\711889df8474d7f0271b1e25cd75a9249e0a4621\spring-boot-starter-json-2.7.1.jar;C:\Users\km32\.gr
Launcher Type: SUN_STANDARD

[Global flags]
     intx CICompilerCount                          = 4                                         {product} {ergonomic}
     uint ConcGCThreads                            = 2                                         {product} {ergonomic}
     uint G1ConcRefinementThreads                  = 8                                         {product} {ergonomic}
   size_t G1HeapRegionSize                         = 2097152                                   {product} {ergonomic}
    uintx GCDrainStackTargetSize                   = 64                                        {product} {ergonomic}
   size_t InitialHeapSize                          = 536870912                                 {product} {ergonomic}
   size_t MarkStackSize                            = 4194304                                   {product} {ergonomic}
   size_t MaxHeapSize                              = 8589934592                                {product} {ergonomic}
   size_t MinHeapDeltaBytes                        = 2097152                                   {product} {ergonomic}
    uintx NonNMethodCodeHeapSize                   = 5836300                                {pd product} {ergonomic}
    uintx NonProfiledCodeHeapSize                  = 122910970                              {pd product} {ergonomic}
    uintx ProfiledCodeHeapSize                     = 122910970                              {pd product} {ergonomic}
    uintx ReservedCodeCacheSize                    = 251658240                              {pd product} {ergonomic}
     bool SegmentedCodeCache                       = true                                      {product} {ergonomic}
     bool UseCompressedClassPointers               = true                                 {lp64_product} {ergonomic}
     bool UseCompressedOops                        = true                                 {lp64_product} {ergonomic}
     bool UseG1GC                                  = true                                      {product} {ergonomic}
     bool UseLargePagesIndividualAllocation        = false                                  {pd product} {ergonomic}

Logging:
Log output configuration:
 #0: stdout all=warning uptime,level,tags
 #1: stderr all=off uptime,level,tags

Environment Variables:
JAVA_HOME=C:\ide\installation\Java\jdk-11.0.10\
JAVA_TOOL_OPTIONS=-Dsun.locale.formatasdefault=true
PATH=C:\Program Files (x86)\Windows Resource Kits\Tools\;C:\ide\installation\Java\jdk-11.0.10\bin;C:\Program Files (x86)\MKS Toolkit\mksnt;C:\PROGRA~2\MKSTOO~1\bin64;C:\PROGRA~2\MKSTOO~1\bin;C:\PROGRA~2\MKSTOO~1\bin\X11;C:\PROGRA~2\MKSTOO~1\mksnt;C:\ide\installation\Datastage\DS_11.7/jdk32\jre\bin;C:\ide\installation\Datastage\DS_11.7/jdk32\jre\bin\j9vm;C:\ide\installation\Datastage\DS_11.7\ASBNode\lib\cpp;C:\ide\installation\Datastage\DS_11.7\ASBNode\apps\proxy\cpp\vc60\MT_dll\bin;C:\Program Files (x86)\Microsoft SDKs\Azure\CLI2\wbin;C:\Program Files\Common Files\Oracle\Java\javapath;C:\Program Files (x86)\IBM\EHLLAPI\;C:\Program Files (x86)\Common Files\Oracle\Java\javapath;C:\instantclient_11_2;C:\Program Files (x86)\Avaya\Proactive Contact 5.2\Services\3rdParty\Oracle11g;C:\Program Files (x86)\Avaya\Proactive Contact 5.2\Services\Common;C:\ProgramData\Oracle\Java\javapath;C:\windows\system32;C:\windows;C:\windows\System32\Wbem;C:\windows\System32\WindowsPowerShell\v1.0\;C:\windows\System32\OpenSSH\;C:\Program Files (x86)\Verint\Logger\;C:\Program Files (x86)\Verint\Playback\;C:\Program Files (x86)\SGP International\DataQuest Pro\;C:\Program Files (x86)\Microsoft SQL Server\Client SDK\ODBC\130\Tools\Binn\;C:\Program Files (x86)\Microsoft SQL Server\130\Tools\Binn\;C:\Program Files (x86)\Microsoft SQL Server\130\DTS\Binn\;C:\Program Files (x86)\Microsoft SQL Server\130\Tools\Binn\ManagementStudio\;C:\Program Files\Microsoft SQL Server\130\Tools\Binn\;C:\Program Files (x86)\Microsoft SQL Server\110\DTS\Binn\;C:\Program Files (x86)\Microsoft SQL Server\120\DTS\Binn\;C:\Program Files (x86)\Microsoft SQL Server\140\DTS\Binn\;C:\Program Files (x86)\Microsoft SQL Server\150\DTS\Binn\;C:\ide\installation\minikube;C:\ide\installation\Azure Data Studio\bin;C:\ide\installation\Go\bin;C:\ide\installation\Google\Cloud SDK\google-cloud-sdk\bin;C:\ide\installation\gradle\gradle-6.2-all\gradle-6.2\bin;C:\ide\installation\kubectl\kubectl.exe;C:\ide\installation\PuTTY\;C:\ide\install
USERNAME=km32
SHELL=C:/PROGRA~2/MKSTOO~1/mksnt/sh.exe
DISPLAY=:0.0
OS=Windows_NT
PROCESSOR_IDENTIFIER=Intel64 Family 6 Model 85 Stepping 7, GenuineIntel



---------------  S Y S T E M  ---------------

OS: Windows Server 2019 , 64 bit Build 19041 (10.0.19041.3155)
Hyper-V role detected

CPU:total 8 (initial active 8) (4 cores per cpu, 2 threads per core) family 6 model 85 stepping 7 microcode 0xffffffff, cmov, cx8, fxsr, mmx, sse, sse2, sse3, ssse3, sse4.1, sse4.2, popcnt, avx, avx2, aes, clmul, erms, rtm, 3dnowpref, lzcnt, ht, tsc, bmi1, bmi2, adx, evex, fma

Memory: 4k page, system-wide physical 32767M (3497M free)
TotalPageFile size 40959M (AvailPageFile size 451M)
current process WorkingSet (physical memory assigned to process): 10M, peak: 10M
current process commit charge ("private bytes"): 61M, peak: 573M

vm_info: Java HotSpot(TM) 64-Bit Server VM (11.0.10+8-LTS-162) for windows-amd64 JRE (11.0.10+8-LTS-162), built on Dec  8 2020 16:32:57 by "mach5one" with MS VC++ 15.9 (VS2017)

END.
